c:\users\ghour\desktop\assignment5_team9_practicaltask\rtos_ipc\win32-msvc\debug\vc141.pdb
c:\users\ghour\desktop\assignment5_team9_practicaltask\rtos_ipc\win32-msvc\debug\vc141.idb
c:\users\ghour\desktop\assignment5_team9_practicaltask\rtos_ipc\win32-msvc\debug\croutine.obj
c:\users\ghour\desktop\assignment5_team9_practicaltask\rtos_ipc\win32-msvc\debug\event_groups.obj
c:\users\ghour\desktop\assignment5_team9_practicaltask\rtos_ipc\win32-msvc\debug\heap_5.obj
c:\users\ghour\desktop\assignment5_team9_practicaltask\rtos_ipc\win32-msvc\debug\stream_buffer.obj
c:\users\ghour\desktop\assignment5_team9_practicaltask\rtos_ipc\win32-msvc\debug\timers.obj
c:\users\ghour\desktop\assignment5_team9_practicaltask\rtos_ipc\win32-msvc\debug\main.obj
c:\users\ghour\desktop\assignment5_team9_practicaltask\rtos_ipc\win32-msvc\debug\list.obj
c:\users\ghour\desktop\assignment5_team9_practicaltask\rtos_ipc\win32-msvc\debug\port.obj
c:\users\ghour\desktop\assignment5_team9_practicaltask\rtos_ipc\win32-msvc\debug\queue.obj
c:\users\ghour\desktop\assignment5_team9_practicaltask\rtos_ipc\win32-msvc\debug\tasks.obj
c:\users\ghour\desktop\assignment5_team9_practicaltask\rtos_ipc\win32-msvc\debug\main_exercise.obj
c:\users\ghour\desktop\assignment5_team9_practicaltask\rtos_ipc\win32-msvc\debug\run-time-stats-utils.obj
c:\users\ghour\desktop\assignment5_team9_practicaltask\rtos_ipc\win32-msvc\debug\rtos_ipc.exe
c:\users\ghour\desktop\assignment5_team9_practicaltask\rtos_ipc\win32-msvc\debug\rtos_ipc.ilk
c:\users\ghour\desktop\assignment5_team9_practicaltask\rtos_ipc\win32-msvc\debug\win32.pdb
c:\users\ghour\desktop\assignment5_team9_practicaltask\rtos_ipc\win32-msvc\.\debug\rtos_ipc.exe
c:\users\ghour\desktop\assignment5_team9_practicaltask\rtos_ipc\win32-msvc\debug\rtos_ipc.tlog\cl.command.1.tlog
c:\users\ghour\desktop\assignment5_team9_practicaltask\rtos_ipc\win32-msvc\debug\rtos_ipc.tlog\cl.read.1.tlog
c:\users\ghour\desktop\assignment5_team9_practicaltask\rtos_ipc\win32-msvc\debug\rtos_ipc.tlog\cl.write.1.tlog
c:\users\ghour\desktop\assignment5_team9_practicaltask\rtos_ipc\win32-msvc\debug\rtos_ipc.tlog\link.command.1.tlog
c:\users\ghour\desktop\assignment5_team9_practicaltask\rtos_ipc\win32-msvc\debug\rtos_ipc.tlog\link.read.1.tlog
c:\users\ghour\desktop\assignment5_team9_practicaltask\rtos_ipc\win32-msvc\debug\rtos_ipc.tlog\link.write.1.tlog
